This file contains any messages produced by compilers while
running configure, to aid debugging if configure makes a mistake.

It was created by bluez configure 5.62, which was
generated by GNU Autoconf 2.69.  Invocation command line was

  $ ./configure prefix=/home/developer/test/celeno-swdb-CL6000-6.0.x/utils/install_bluez host=x86_64-linux-gnu CC=gcc -m32 CXX=g++ -m32 --enable-testing --disable-datafiles --disable-systemd --enable-client

## --------- ##
## Platform. ##
## --------- ##

hostname = 1191acd27cff
uname -m = x86_64
uname -r = 5.4.0-89-generic
uname -s = Linux
uname -v = #100-Ubuntu SMP Fri Sep 24 14:50:10 UTC 2021

/usr/bin/uname -p = unknown
/bin/uname -X     = unknown

/bin/arch              = unknown
/usr/bin/arch -k       = unknown
/usr/convex/getsysinfo = unknown
/usr/bin/hostinfo      = unknown
/bin/machine           = unknown
/usr/bin/oslevel       = unknown
/bin/universe          = unknown

PATH: /usr/local/sbin
PATH: /usr/local/bin
PATH: /usr/sbin
PATH: /usr/bin
PATH: /sbin
PATH: /bin


## ----------- ##
## Core tests. ##
## ----------- ##

configure:2553: checking for a BSD-compatible install
configure:2621: result: /usr/bin/install -c
configure:2632: checking whether build environment is sane
configure:2687: result: yes
configure:2833: checking for a thread-safe mkdir -p
configure:2872: result: /bin/mkdir -p
configure:2879: checking for gawk
configure:2895: found /usr/bin/gawk
configure:2906: result: gawk
configure:2917: checking whether make sets $(MAKE)
configure:2939: result: yes
configure:2968: checking whether make supports nested variables
configure:2985: result: yes
configure:3064: checking how to create a pax tar archive
configure:3075: tar --version
tar (GNU tar) 1.28
Copyright (C) 2014 Free Software Foundation, Inc.
License GPLv3+: GNU GPL version 3 or later <http://gnu.org/licenses/gpl.html>.
This is free software: you are free to change and redistribute it.
There is NO WARRANTY, to the extent permitted by law.

Written by John Gilmore and Jay Fenlason.
configure:3078: $? = 0
configure:3118: tardir=conftest.dir && eval tar --format=posix -chf - "$tardir" >conftest.tar
configure:3121: $? = 0
configure:3125: tar -xf - <conftest.tar
configure:3128: $? = 0
configure:3130: cat conftest.dir/file
GrepMe
configure:3133: $? = 0
configure:3146: result: gnutar
configure:3210: checking whether make supports nested variables
configure:3227: result: yes
configure:3240: checking whether to enable maintainer-specific portions of Makefiles
configure:3249: result: no
configure:3319: checking for pkg-config
configure:3337: found /usr/bin/pkg-config
configure:3349: result: /usr/bin/pkg-config
configure:3374: checking pkg-config is at least version 0.9.0
configure:3377: result: yes
configure:3417: checking whether make supports the include directive
configure:3432: make -f confmf.GNU && cat confinc.out
this is the am__doit target
configure:3435: $? = 0
configure:3454: result: yes (GNU style)
configure:3524: checking for gcc
configure:3551: result: gcc -m32
configure:3780: checking for C compiler version
configure:3789: gcc -m32 --version >&5
gcc (Ubuntu 5.4.0-6ubuntu1~16.04.12) 5.4.0 20160609
Copyright (C) 2015 Free Software Foundation, Inc.
This is free software; see the source for copying conditions.  There is NO
warranty; not even for MERCHANTABILITY or FITNESS FOR A PARTICULAR PURPOSE.

configure:3800: $? = 0
configure:3789: gcc -m32 -v >&5
Using built-in specs.
COLLECT_GCC=gcc
COLLECT_LTO_WRAPPER=/usr/lib/gcc/x86_64-linux-gnu/5/lto-wrapper
Target: x86_64-linux-gnu
Configured with: ../src/configure -v --with-pkgversion='Ubuntu 5.4.0-6ubuntu1~16.04.12' --with-bugurl=file:///usr/share/doc/gcc-5/README.Bugs --enable-languages=c,ada,c++,java,go,d,fortran,objc,obj-c++ --prefix=/usr --program-suffix=-5 --enable-shared --enable-linker-build-id --libexecdir=/usr/lib --without-included-gettext --enable-threads=posix --libdir=/usr/lib --enable-nls --with-sysroot=/ --enable-clocale=gnu --enable-libstdcxx-debug --enable-libstdcxx-time=yes --with-default-libstdcxx-abi=new --enable-gnu-unique-object --disable-vtable-verify --enable-libmpx --enable-plugin --with-system-zlib --disable-browser-plugin --enable-java-awt=gtk --enable-gtk-cairo --with-java-home=/usr/lib/jvm/java-1.5.0-gcj-5-amd64/jre --enable-java-home --with-jvm-root-dir=/usr/lib/jvm/java-1.5.0-gcj-5-amd64 --with-jvm-jar-dir=/usr/lib/jvm-exports/java-1.5.0-gcj-5-amd64 --with-arch-directory=amd64 --with-ecj-jar=/usr/share/java/eclipse-ecj.jar --enable-objc-gc --enable-multiarch --disable-werror --with-arch-32=i686 --with-abi=m64 --with-multilib-list=m32,m64,mx32 --enable-multilib --with-tune=generic --enable-checking=release --build=x86_64-linux-gnu --host=x86_64-linux-gnu --target=x86_64-linux-gnu
Thread model: posix
gcc version 5.4.0 20160609 (Ubuntu 5.4.0-6ubuntu1~16.04.12) 
configure:3800: $? = 0
configure:3789: gcc -m32 -V >&5
gcc: error: unrecognized command line option '-V'
gcc: fatal error: no input files
compilation terminated.
configure:3800: $? = 1
configure:3789: gcc -m32 -qversion >&5
gcc: error: unrecognized command line option '-qversion'
gcc: fatal error: no input files
compilation terminated.
configure:3800: $? = 1
configure:3820: checking whether the C compiler works
configure:3842: gcc -m32    conftest.c  >&5
configure:3846: $? = 0
configure:3894: result: yes
configure:3897: checking for C compiler default output file name
configure:3899: result: a.out
configure:3905: checking for suffix of executables
configure:3912: gcc -m32 -o conftest    conftest.c  >&5
configure:3916: $? = 0
configure:3938: result: 
configure:3960: checking whether we are cross compiling
configure:3968: gcc -m32 -o conftest    conftest.c  >&5
configure:3972: $? = 0
configure:3979: ./conftest
configure:3983: $? = 0
configure:3998: result: no
configure:4003: checking for suffix of object files
configure:4025: gcc -m32 -c   conftest.c >&5
configure:4029: $? = 0
configure:4050: result: o
configure:4054: checking whether we are using the GNU C compiler
configure:4073: gcc -m32 -c   conftest.c >&5
configure:4073: $? = 0
configure:4082: result: yes
configure:4091: checking whether gcc -m32 accepts -g
configure:4111: gcc -m32 -c -g  conftest.c >&5
configure:4111: $? = 0
configure:4152: result: yes
configure:4169: checking for gcc -m32 option to accept ISO C89
configure:4232: gcc -m32  -c -g -O2  conftest.c >&5
configure:4232: $? = 0
configure:4245: result: none needed
configure:4270: checking whether gcc -m32 understands -c and -o together
configure:4292: gcc -m32 -c conftest.c -o conftest2.o
configure:4295: $? = 0
configure:4292: gcc -m32 -c conftest.c -o conftest2.o
configure:4295: $? = 0
configure:4307: result: yes
configure:4326: checking dependency style of gcc -m32
configure:4437: result: gcc3
configure:4453: checking for C/C++ restrict keyword
configure:4478: gcc -m32 -c -g -O2  conftest.c >&5
configure:4478: $? = 0
configure:4486: result: __restrict
configure:4548: checking for gcc
configure:4575: result: gcc -m32
configure:4804: checking for C compiler version
configure:4813: gcc -m32 --version >&5
gcc (Ubuntu 5.4.0-6ubuntu1~16.04.12) 5.4.0 20160609
Copyright (C) 2015 Free Software Foundation, Inc.
This is free software; see the source for copying conditions.  There is NO
warranty; not even for MERCHANTABILITY or FITNESS FOR A PARTICULAR PURPOSE.

configure:4824: $? = 0
configure:4813: gcc -m32 -v >&5
Using built-in specs.
COLLECT_GCC=gcc
COLLECT_LTO_WRAPPER=/usr/lib/gcc/x86_64-linux-gnu/5/lto-wrapper
Target: x86_64-linux-gnu
Configured with: ../src/configure -v --with-pkgversion='Ubuntu 5.4.0-6ubuntu1~16.04.12' --with-bugurl=file:///usr/share/doc/gcc-5/README.Bugs --enable-languages=c,ada,c++,java,go,d,fortran,objc,obj-c++ --prefix=/usr --program-suffix=-5 --enable-shared --enable-linker-build-id --libexecdir=/usr/lib --without-included-gettext --enable-threads=posix --libdir=/usr/lib --enable-nls --with-sysroot=/ --enable-clocale=gnu --enable-libstdcxx-debug --enable-libstdcxx-time=yes --with-default-libstdcxx-abi=new --enable-gnu-unique-object --disable-vtable-verify --enable-libmpx --enable-plugin --with-system-zlib --disable-browser-plugin --enable-java-awt=gtk --enable-gtk-cairo --with-java-home=/usr/lib/jvm/java-1.5.0-gcj-5-amd64/jre --enable-java-home --with-jvm-root-dir=/usr/lib/jvm/java-1.5.0-gcj-5-amd64 --with-jvm-jar-dir=/usr/lib/jvm-exports/java-1.5.0-gcj-5-amd64 --with-arch-directory=amd64 --with-ecj-jar=/usr/share/java/eclipse-ecj.jar --enable-objc-gc --enable-multiarch --disable-werror --with-arch-32=i686 --with-abi=m64 --with-multilib-list=m32,m64,mx32 --enable-multilib --with-tune=generic --enable-checking=release --build=x86_64-linux-gnu --host=x86_64-linux-gnu --target=x86_64-linux-gnu
Thread model: posix
gcc version 5.4.0 20160609 (Ubuntu 5.4.0-6ubuntu1~16.04.12) 
configure:4824: $? = 0
configure:4813: gcc -m32 -V >&5
gcc: error: unrecognized command line option '-V'
gcc: fatal error: no input files
compilation terminated.
configure:4824: $? = 1
configure:4813: gcc -m32 -qversion >&5
gcc: error: unrecognized command line option '-qversion'
gcc: fatal error: no input files
compilation terminated.
configure:4824: $? = 1
configure:4828: checking whether we are using the GNU C compiler
configure:4856: result: yes
configure:4865: checking whether gcc -m32 accepts -g
configure:4926: result: yes
configure:4943: checking for gcc -m32 option to accept ISO C89
configure:5019: result: none needed
configure:5044: checking whether gcc -m32 understands -c and -o together
configure:5081: result: yes
configure:5100: checking dependency style of gcc -m32
configure:5211: result: gcc3
configure:5228: checking whether gcc -m32 accepts -fPIE
configure:5243: result: yes
configure:5312: checking build system type
configure:5326: result: x86_64-pc-linux-gnu
configure:5346: checking host system type
configure:5359: result: x86_64-pc-linux-gnu
configure:5400: checking how to print strings
configure:5427: result: printf
configure:5448: checking for a sed that does not truncate output
configure:5512: result: /bin/sed
configure:5530: checking for grep that handles long lines and -e
configure:5588: result: /bin/grep
configure:5593: checking for egrep
configure:5655: result: /bin/grep -E
configure:5660: checking for fgrep
configure:5722: result: /bin/grep -F
configure:5757: checking for ld used by gcc -m32
configure:5824: result: /usr/bin/ld
configure:5831: checking if the linker (/usr/bin/ld) is GNU ld
configure:5846: result: yes
configure:5858: checking for BSD- or MS-compatible name lister (nm)
configure:5912: result: /usr/bin/nm -B
configure:6042: checking the name lister (/usr/bin/nm -B) interface
configure:6049: gcc -m32 -c -g -O2  conftest.c >&5
configure:6052: /usr/bin/nm -B "conftest.o"
configure:6055: output
00000000 B some_variable
configure:6062: result: BSD nm
configure:6065: checking whether ln -s works
configure:6069: result: yes
configure:6077: checking the maximum length of command line arguments
configure:6208: result: 1572864
configure:6256: checking how to convert x86_64-pc-linux-gnu file names to x86_64-pc-linux-gnu format
configure:6296: result: func_convert_file_noop
configure:6303: checking how to convert x86_64-pc-linux-gnu file names to toolchain format
configure:6323: result: func_convert_file_noop
configure:6330: checking for /usr/bin/ld option to reload object files
configure:6337: result: -r
configure:6411: checking for objdump
configure:6427: found /usr/bin/objdump
configure:6438: result: objdump
configure:6470: checking how to recognize dependent libraries
configure:6670: result: pass_all
configure:6755: checking for dlltool
configure:6785: result: no
configure:6815: checking how to associate runtime and link libraries
configure:6842: result: printf %s\n
configure:6902: checking for ar
configure:6918: found /usr/bin/ar
configure:6929: result: ar
configure:6966: checking for archiver @FILE support
configure:6983: gcc -m32 -c -g -O2  conftest.c >&5
configure:6983: $? = 0
configure:6986: ar cr libconftest.a @conftest.lst >&5
configure:6989: $? = 0
configure:6994: ar cr libconftest.a @conftest.lst >&5
ar: conftest.o: No such file or directory
configure:6997: $? = 1
configure:7009: result: @
configure:7067: checking for strip
configure:7083: found /usr/bin/strip
configure:7094: result: strip
configure:7166: checking for ranlib
configure:7182: found /usr/bin/ranlib
configure:7193: result: ranlib
configure:7295: checking command to parse /usr/bin/nm -B output from gcc -m32 object
configure:7448: gcc -m32 -c -g -O2  conftest.c >&5
configure:7451: $? = 0
configure:7455: /usr/bin/nm -B conftest.o | sed -n -e 's/^.*[	 ]\([ABCDGIRSTW][ABCDGIRSTW]*\)[	 ][	 ]*\([_A-Za-z][_A-Za-z0-9]*\)$/\1 \2 \2/p' | sed '/ __gnu_lto/d' > conftest.nm
configure:7521: gcc -m32 -o conftest -g -O2   conftest.c conftstm.o >&5
configure:7524: $? = 0
configure:7562: result: ok
configure:7609: checking for sysroot
configure:7639: result: no
configure:7646: checking for a working dd
configure:7684: result: /bin/dd
configure:7688: checking how to truncate binary pipes
configure:7703: result: /bin/dd bs=4096 count=1
configure:7839: gcc -m32 -c -g -O2  conftest.c >&5
configure:7842: $? = 0
configure:8032: checking for mt
configure:8062: result: no
configure:8082: checking if : is a manifest tool
configure:8088: : '-?'
configure:8096: result: no
configure:8773: checking how to run the C preprocessor
configure:8804: gcc -m32 -E  conftest.c
configure:8804: $? = 0
configure:8818: gcc -m32 -E  conftest.c
conftest.c:12:28: fatal error: ac_nonexistent.h: No such file or directory
compilation terminated.
configure:8818: $? = 1
configure: failed program was:
| /* confdefs.h */
| #define PACKAGE_NAME "bluez"
| #define PACKAGE_TARNAME "bluez"
| #define PACKAGE_VERSION "5.62"
| #define PACKAGE_STRING "bluez 5.62"
| #define PACKAGE_BUGREPORT ""
| #define PACKAGE_URL ""
| #define PACKAGE "bluez"
| #define VERSION "5.62"
| #define restrict __restrict
| /* end confdefs.h.  */
| #include <ac_nonexistent.h>
configure:8843: result: gcc -m32 -E
configure:8863: gcc -m32 -E  conftest.c
configure:8863: $? = 0
configure:8877: gcc -m32 -E  conftest.c
conftest.c:12:28: fatal error: ac_nonexistent.h: No such file or directory
compilation terminated.
configure:8877: $? = 1
configure: failed program was:
| /* confdefs.h */
| #define PACKAGE_NAME "bluez"
| #define PACKAGE_TARNAME "bluez"
| #define PACKAGE_VERSION "5.62"
| #define PACKAGE_STRING "bluez 5.62"
| #define PACKAGE_BUGREPORT ""
| #define PACKAGE_URL ""
| #define PACKAGE "bluez"
| #define VERSION "5.62"
| #define restrict __restrict
| /* end confdefs.h.  */
| #include <ac_nonexistent.h>
configure:8906: checking for ANSI C header files
configure:8926: gcc -m32 -c -g -O2  conftest.c >&5
configure:8926: $? = 0
configure:8999: gcc -m32 -o conftest -g -O2   conftest.c  >&5
configure:8999: $? = 0
configure:8999: ./conftest
configure:8999: $? = 0
configure:9010: result: yes
configure:9023: checking for sys/types.h
configure:9023: gcc -m32 -c -g -O2  conftest.c >&5
configure:9023: $? = 0
configure:9023: result: yes
configure:9023: checking for sys/stat.h
configure:9023: gcc -m32 -c -g -O2  conftest.c >&5
configure:9023: $? = 0
configure:9023: result: yes
configure:9023: checking for stdlib.h
configure:9023: gcc -m32 -c -g -O2  conftest.c >&5
configure:9023: $? = 0
configure:9023: result: yes
configure:9023: checking for string.h
configure:9023: gcc -m32 -c -g -O2  conftest.c >&5
configure:9023: $? = 0
configure:9023: result: yes
configure:9023: checking for memory.h
configure:9023: gcc -m32 -c -g -O2  conftest.c >&5
configure:9023: $? = 0
configure:9023: result: yes
configure:9023: checking for strings.h
configure:9023: gcc -m32 -c -g -O2  conftest.c >&5
configure:9023: $? = 0
configure:9023: result: yes
configure:9023: checking for inttypes.h
configure:9023: gcc -m32 -c -g -O2  conftest.c >&5
configure:9023: $? = 0
configure:9023: result: yes
configure:9023: checking for stdint.h
configure:9023: gcc -m32 -c -g -O2  conftest.c >&5
configure:9023: $? = 0
configure:9023: result: yes
configure:9023: checking for unistd.h
configure:9023: gcc -m32 -c -g -O2  conftest.c >&5
configure:9023: $? = 0
configure:9023: result: yes
configure:9037: checking for dlfcn.h
configure:9037: gcc -m32 -c -g -O2  conftest.c >&5
configure:9037: $? = 0
configure:9037: result: yes
configure:9263: checking for objdir
configure:9278: result: .libs
configure:9538: checking if gcc -m32 supports -fno-rtti -fno-exceptions
configure:9556: gcc -m32 -c -g -O2  -fno-rtti -fno-exceptions conftest.c >&5
cc1: warning: command line option '-fno-rtti' is valid for C++/ObjC++ but not for C
configure:9560: $? = 0
configure:9573: result: no
configure:9937: checking for gcc -m32 option to produce PIC
configure:9944: result: -fPIC -DPIC
configure:9952: checking if gcc -m32 PIC flag -fPIC -DPIC works
configure:9970: gcc -m32 -c -g -O2  -fPIC -DPIC -DPIC conftest.c >&5
configure:9974: $? = 0
configure:9987: result: yes
configure:10016: checking if gcc -m32 static flag -static works
configure:10044: result: yes
configure:10059: checking if gcc -m32 supports -c -o file.o
configure:10080: gcc -m32 -c -g -O2  -o out/conftest2.o conftest.c >&5
configure:10084: $? = 0
configure:10106: result: yes
configure:10114: checking if gcc -m32 supports -c -o file.o
configure:10161: result: yes
configure:10194: checking whether the gcc -m32 linker (/usr/bin/ld -m elf_i386) supports shared libraries
configure:11457: result: yes
configure:11494: checking whether -lc should be explicitly linked in
configure:11502: gcc -m32 -c -g -O2  conftest.c >&5
configure:11505: $? = 0
configure:11520: gcc -m32 -shared  -fPIC -DPIC conftest.o  -v -Wl,-soname -Wl,conftest -o conftest 2\>\&1 \| /bin/grep  -lc  \>/dev/null 2\>\&1
configure:11523: $? = 0
configure:11537: result: no
configure:11697: checking dynamic linker characteristics
configure:12278: gcc -m32 -o conftest -g -O2   -Wl,-rpath -Wl,/foo conftest.c  >&5
configure:12278: $? = 0
configure:12527: result: GNU/Linux ld.so
configure:12649: checking how to hardcode library paths into programs
configure:12674: result: immediate
configure:13222: checking whether stripping libraries is possible
configure:13227: result: yes
configure:13262: checking if libtool supports shared libraries
configure:13264: result: yes
configure:13267: checking whether to build shared libraries
configure:13292: result: yes
configure:13295: checking whether to build static libraries
configure:13299: result: no
configure:13539: checking for explicit_bzero
configure:13539: gcc -m32 -o conftest -g -O2   conftest.c  >&5
/tmp/cccNivVu.o: In function `main':
/home/developer/test/celeno-swdb-CL6000-6.0.x/utils/bluez-5.62/conftest.c:58: undefined reference to `explicit_bzero'
collect2: error: ld returned 1 exit status
configure:13539: $? = 1
configure: failed program was:
| /* confdefs.h */
| #define PACKAGE_NAME "bluez"
| #define PACKAGE_TARNAME "bluez"
| #define PACKAGE_VERSION "5.62"
| #define PACKAGE_STRING "bluez 5.62"
| #define PACKAGE_BUGREPORT ""
| #define PACKAGE_URL ""
| #define PACKAGE "bluez"
| #define VERSION "5.62"
| #define restrict __restrict
| #define STDC_HEADERS 1
| #define HAVE_SYS_TYPES_H 1
| #define HAVE_SYS_STAT_H 1
| #define HAVE_STDLIB_H 1
| #define HAVE_STRING_H 1
| #define HAVE_MEMORY_H 1
| #define HAVE_STRINGS_H 1
| #define HAVE_INTTYPES_H 1
| #define HAVE_STDINT_H 1
| #define HAVE_UNISTD_H 1
| #define HAVE_DLFCN_H 1
| #define LT_OBJDIR ".libs/"
| /* end confdefs.h.  */
| /* Define explicit_bzero to an innocuous variant, in case <limits.h> declares explicit_bzero.
|    For example, HP-UX 11i <limits.h> declares gettimeofday.  */
| #define explicit_bzero innocuous_explicit_bzero
| 
| /* System header to define __stub macros and hopefully few prototypes,
|     which can conflict with char explicit_bzero (); below.
|     Prefer <limits.h> to <assert.h> if __STDC__ is defined, since
|     <limits.h> exists even on freestanding compilers.  */
| 
| #ifdef __STDC__
| # include <limits.h>
| #else
| # include <assert.h>
| #endif
| 
| #undef explicit_bzero
| 
| /* Override any GCC internal prototype to avoid an error.
|    Use char because int might match the return type of a GCC
|    builtin and then its argument prototype would still apply.  */
| #ifdef __cplusplus
| extern "C"
| #endif
| char explicit_bzero ();
| /* The GNU C library defines this for functions which it implements
|     to always fail with ENOSYS.  Some functions are actually named
|     something starting with __ and the normal name is an alias.  */
| #if defined __stub_explicit_bzero || defined __stub___explicit_bzero
| choke me
| #endif
| 
| int
| main ()
| {
| return explicit_bzero ();
|   ;
|   return 0;
| }
configure:13539: result: no
configure:13551: checking for rawmemchr
configure:13551: gcc -m32 -o conftest -g -O2   conftest.c  >&5
configure:13551: $? = 0
configure:13551: result: yes
configure:13561: checking for signalfd
configure:13561: gcc -m32 -o conftest -g -O2   conftest.c  >&5
configure:13561: $? = 0
configure:13561: result: yes
configure:13569: checking for clock_gettime in -lrt
configure:13594: gcc -m32 -o conftest -g -O2   conftest.c -lrt   >&5
configure:13594: $? = 0
configure:13603: result: yes
configure:13612: checking for pthread_create in -lpthread
configure:13637: gcc -m32 -o conftest -g -O2   conftest.c -lpthread   >&5
configure:13637: $? = 0
configure:13646: result: yes
configure:13655: checking for dlopen in -ldl
configure:13680: gcc -m32 -o conftest -g -O2   conftest.c -ldl   >&5
configure:13680: $? = 0
configure:13689: result: yes
configure:13701: checking linux/types.h usability
configure:13701: gcc -m32 -c -g -O2  conftest.c >&5
configure:13701: $? = 0
configure:13701: result: yes
configure:13701: checking linux/types.h presence
configure:13701: gcc -m32 -E  conftest.c
configure:13701: $? = 0
configure:13701: result: yes
configure:13701: checking for linux/types.h
configure:13701: result: yes
configure:13701: checking linux/if_alg.h usability
configure:13701: gcc -m32 -c -g -O2  conftest.c >&5
configure:13701: $? = 0
configure:13701: result: yes
configure:13701: checking linux/if_alg.h presence
configure:13701: gcc -m32 -E  conftest.c
configure:13701: $? = 0
configure:13701: result: yes
configure:13701: checking for linux/if_alg.h
configure:13701: result: yes
configure:13714: checking for glib-2.0 >= 2.28
configure:13721: $PKG_CONFIG --exists --print-errors "glib-2.0 >= 2.28"
Package glib-2.0 was not found in the pkg-config search path.
Perhaps you should add the directory containing `glib-2.0.pc'
to the PKG_CONFIG_PATH environment variable
No package 'glib-2.0' found
configure:13724: $? = 1
configure:13738: $PKG_CONFIG --exists --print-errors "glib-2.0 >= 2.28"
Package glib-2.0 was not found in the pkg-config search path.
Perhaps you should add the directory containing `glib-2.0.pc'
to the PKG_CONFIG_PATH environment variable
No package 'glib-2.0' found
configure:13741: $? = 1
configure:13755: result: no
No package 'glib-2.0' found
configure:13771: error: GLib >= 2.28 is required

## ---------------- ##
## Cache variables. ##
## ---------------- ##

ac_cv_build=x86_64-pc-linux-gnu
ac_cv_c_compiler_gnu=yes
ac_cv_c_restrict=__restrict
ac_cv_env_ALSA_CFLAGS_set=
ac_cv_env_ALSA_CFLAGS_value=
ac_cv_env_ALSA_LIBS_set=
ac_cv_env_ALSA_LIBS_value=
ac_cv_env_CC_set=set
ac_cv_env_CC_value='gcc -m32'
ac_cv_env_CFLAGS_set=
ac_cv_env_CFLAGS_value=
ac_cv_env_CPPFLAGS_set=
ac_cv_env_CPPFLAGS_value=
ac_cv_env_CPP_set=
ac_cv_env_CPP_value=
ac_cv_env_DBUS_CFLAGS_set=
ac_cv_env_DBUS_CFLAGS_value=
ac_cv_env_DBUS_LIBS_set=
ac_cv_env_DBUS_LIBS_value=
ac_cv_env_ELL_CFLAGS_set=
ac_cv_env_ELL_CFLAGS_value=
ac_cv_env_ELL_LIBS_set=
ac_cv_env_ELL_LIBS_value=
ac_cv_env_GLIB_CFLAGS_set=
ac_cv_env_GLIB_CFLAGS_value=
ac_cv_env_GLIB_LIBS_set=
ac_cv_env_GLIB_LIBS_value=
ac_cv_env_GTHREAD_CFLAGS_set=
ac_cv_env_GTHREAD_CFLAGS_value=
ac_cv_env_GTHREAD_LIBS_set=
ac_cv_env_GTHREAD_LIBS_value=
ac_cv_env_ICAL_CFLAGS_set=
ac_cv_env_ICAL_CFLAGS_value=
ac_cv_env_ICAL_LIBS_set=
ac_cv_env_ICAL_LIBS_value=
ac_cv_env_JSONC_CFLAGS_set=
ac_cv_env_JSONC_CFLAGS_value=
ac_cv_env_JSONC_LIBS_set=
ac_cv_env_JSONC_LIBS_value=
ac_cv_env_LDFLAGS_set=
ac_cv_env_LDFLAGS_value=
ac_cv_env_LIBEBOOK_CFLAGS_set=
ac_cv_env_LIBEBOOK_CFLAGS_value=
ac_cv_env_LIBEBOOK_LIBS_set=
ac_cv_env_LIBEBOOK_LIBS_value=
ac_cv_env_LIBEDATESERVER_CFLAGS_set=
ac_cv_env_LIBEDATESERVER_CFLAGS_value=
ac_cv_env_LIBEDATESERVER_LIBS_set=
ac_cv_env_LIBEDATESERVER_LIBS_value=
ac_cv_env_LIBS_set=
ac_cv_env_LIBS_value=
ac_cv_env_LT_SYS_LIBRARY_PATH_set=
ac_cv_env_LT_SYS_LIBRARY_PATH_value=
ac_cv_env_PKG_CONFIG_LIBDIR_set=
ac_cv_env_PKG_CONFIG_LIBDIR_value=
ac_cv_env_PKG_CONFIG_PATH_set=set
ac_cv_env_PKG_CONFIG_PATH_value=/usr/lib/i386-linux-gnu/pkgconfig/:/usr/share/pkgconfig/
ac_cv_env_PKG_CONFIG_set=
ac_cv_env_PKG_CONFIG_value=
ac_cv_env_SBC_CFLAGS_set=
ac_cv_env_SBC_CFLAGS_value=
ac_cv_env_SBC_LIBS_set=
ac_cv_env_SBC_LIBS_value=
ac_cv_env_SPEEXDSP_CFLAGS_set=
ac_cv_env_SPEEXDSP_CFLAGS_value=
ac_cv_env_SPEEXDSP_LIBS_set=
ac_cv_env_SPEEXDSP_LIBS_value=
ac_cv_env_UDEV_CFLAGS_set=
ac_cv_env_UDEV_CFLAGS_value=
ac_cv_env_UDEV_LIBS_set=
ac_cv_env_UDEV_LIBS_value=
ac_cv_env_build_alias_set=
ac_cv_env_build_alias_value=
ac_cv_env_host_alias_set=
ac_cv_env_host_alias_value=
ac_cv_env_target_alias_set=
ac_cv_env_target_alias_value=
ac_cv_func_explicit_bzero=no
ac_cv_func_rawmemchr=yes
ac_cv_func_signalfd=yes
ac_cv_header_dlfcn_h=yes
ac_cv_header_inttypes_h=yes
ac_cv_header_linux_if_alg_h=yes
ac_cv_header_linux_types_h=yes
ac_cv_header_memory_h=yes
ac_cv_header_stdc=yes
ac_cv_header_stdint_h=yes
ac_cv_header_stdlib_h=yes
ac_cv_header_string_h=yes
ac_cv_header_strings_h=yes
ac_cv_header_sys_stat_h=yes
ac_cv_header_sys_types_h=yes
ac_cv_header_unistd_h=yes
ac_cv_host=x86_64-pc-linux-gnu
ac_cv_lib_dl_dlopen=yes
ac_cv_lib_pthread_pthread_create=yes
ac_cv_lib_rt_clock_gettime=yes
ac_cv_objext=o
ac_cv_path_EGREP='/bin/grep -E'
ac_cv_path_FGREP='/bin/grep -F'
ac_cv_path_GREP=/bin/grep
ac_cv_path_SED=/bin/sed
ac_cv_path_ac_pt_PKG_CONFIG=/usr/bin/pkg-config
ac_cv_path_install='/usr/bin/install -c'
ac_cv_path_lt_DD=/bin/dd
ac_cv_path_mkdir=/bin/mkdir
ac_cv_prog_AWK=gawk
ac_cv_prog_CPP='gcc -m32 -E'
ac_cv_prog_ac_ct_AR=ar
ac_cv_prog_ac_ct_CC='gcc -m32'
ac_cv_prog_ac_ct_OBJDUMP=objdump
ac_cv_prog_ac_ct_RANLIB=ranlib
ac_cv_prog_ac_ct_STRIP=strip
ac_cv_prog_cc_c89=
ac_cv_prog_cc_g=yes
ac_cv_prog_cc_pie=yes
ac_cv_prog_make_make_set=yes
am_cv_CC_dependencies_compiler_type=gcc3
am_cv_make_support_nested_variables=yes
am_cv_prog_cc_c_o=yes
am_cv_prog_tar_pax=gnutar
lt_cv_ar_at_file=@
lt_cv_archive_cmds_need_lc=no
lt_cv_deplibs_check_method=pass_all
lt_cv_file_magic_cmd='$MAGIC_CMD'
lt_cv_file_magic_test_file=
lt_cv_ld_reload_flag=-r
lt_cv_nm_interface='BSD nm'
lt_cv_objdir=.libs
lt_cv_path_LD=/usr/bin/ld
lt_cv_path_NM='/usr/bin/nm -B'
lt_cv_path_mainfest_tool=no
lt_cv_prog_compiler_c_o=yes
lt_cv_prog_compiler_pic='-fPIC -DPIC'
lt_cv_prog_compiler_pic_works=yes
lt_cv_prog_compiler_rtti_exceptions=no
lt_cv_prog_compiler_static_works=yes
lt_cv_prog_gnu_ld=yes
lt_cv_sharedlib_from_linklib_cmd='printf %s\n'
lt_cv_shlibpath_overrides_runpath=no
lt_cv_sys_global_symbol_pipe='sed -n -e '\''s/^.*[	 ]\([ABCDGIRSTW][ABCDGIRSTW]*\)[	 ][	 ]*\([_A-Za-z][_A-Za-z0-9]*\)$/\1 \2 \2/p'\'' | sed '\''/ __gnu_lto/d'\'''
lt_cv_sys_global_symbol_to_c_name_address='sed -n -e '\''s/^: \(.*\) .*$/  {"\1", (void *) 0},/p'\'' -e '\''s/^[ABCDGIRSTW][ABCDGIRSTW]* .* \(.*\)$/  {"\1", (void *) \&\1},/p'\'''
lt_cv_sys_global_symbol_to_c_name_address_lib_prefix='sed -n -e '\''s/^: \(.*\) .*$/  {"\1", (void *) 0},/p'\'' -e '\''s/^[ABCDGIRSTW][ABCDGIRSTW]* .* \(lib.*\)$/  {"\1", (void *) \&\1},/p'\'' -e '\''s/^[ABCDGIRSTW][ABCDGIRSTW]* .* \(.*\)$/  {"lib\1", (void *) \&\1},/p'\'''
lt_cv_sys_global_symbol_to_cdecl='sed -n -e '\''s/^T .* \(.*\)$/extern int \1();/p'\'' -e '\''s/^[ABCDGIRSTW][ABCDGIRSTW]* .* \(.*\)$/extern char \1;/p'\'''
lt_cv_sys_global_symbol_to_import=
lt_cv_sys_max_cmd_len=1572864
lt_cv_to_host_file_cmd=func_convert_file_noop
lt_cv_to_tool_file_cmd=func_convert_file_noop
lt_cv_truncate_bin='/bin/dd bs=4096 count=1'

## ----------------- ##
## Output variables. ##
## ----------------- ##

A2DP_FALSE=''
A2DP_TRUE=''
ACLOCAL='${SHELL} '\''/home/developer/test/celeno-swdb-CL6000-6.0.x/utils/bluez-5.62/missing'\'' aclocal-1.16'
ADMIN_FALSE=''
ADMIN_TRUE=''
ALSA_CFLAGS=''
ALSA_LIBS=''
AMDEPBACKSLASH='\'
AMDEP_FALSE='#'
AMDEP_TRUE=''
AMTAR='$${TAR-tar}'
AM_BACKSLASH='\'
AM_DEFAULT_V='$(AM_DEFAULT_VERBOSITY)'
AM_DEFAULT_VERBOSITY='0'
AM_V='$(V)'
ANDROID_FALSE=''
ANDROID_TRUE=''
AR='ar'
AUTOCONF='${SHELL} '\''/home/developer/test/celeno-swdb-CL6000-6.0.x/utils/bluez-5.62/missing'\'' autoconf'
AUTOHEADER='${SHELL} '\''/home/developer/test/celeno-swdb-CL6000-6.0.x/utils/bluez-5.62/missing'\'' autoheader'
AUTOMAKE='${SHELL} '\''/home/developer/test/celeno-swdb-CL6000-6.0.x/utils/bluez-5.62/missing'\'' automake-1.16'
AVRCP_FALSE=''
AVRCP_TRUE=''
AWK='gawk'
BACKTRACE_CFLAGS=''
BACKTRACE_LIBS=''
BTPCLIENT_FALSE=''
BTPCLIENT_TRUE=''
CC='gcc -m32'
CCDEPMODE='depmode=gcc3'
CFLAGS='-g -O2'
CLIENT_FALSE=''
CLIENT_TRUE=''
CONFIGDIR=''
COVERAGE_FALSE=''
COVERAGE_TRUE='#'
CPP='gcc -m32 -E'
CPPFLAGS=''
CUPS_FALSE=''
CUPS_TRUE=''
CYGPATH_W='echo'
DATAFILES_FALSE=''
DATAFILES_TRUE=''
DBUS_CFLAGS=''
DBUS_CONFDIR=''
DBUS_LIBS=''
DBUS_RUN_SESSION_FALSE=''
DBUS_RUN_SESSION_TRUE='#'
DBUS_SESSIONBUSDIR=''
DBUS_SYSTEMBUSDIR=''
DEFS=''
DEPDIR='.deps'
DEPRECATED_FALSE=''
DEPRECATED_TRUE=''
DLLTOOL='false'
DSYMUTIL=''
DUMPBIN=''
ECHO_C=''
ECHO_N='-n'
ECHO_T=''
EGREP='/bin/grep -E'
ELL_CFLAGS=''
ELL_LIBS=''
EXEEXT=''
EXPERIMENTAL_FALSE=''
EXPERIMENTAL_TRUE=''
EXTERNAL_ELL_FALSE=''
EXTERNAL_ELL_TRUE=''
FGREP='/bin/grep -F'
GLIB_CFLAGS=''
GLIB_LIBS=''
GREP='/bin/grep'
GTHREAD_CFLAGS=''
GTHREAD_LIBS=''
HEALTH_FALSE=''
HEALTH_TRUE=''
HID2HCI_FALSE=''
HID2HCI_TRUE=''
HID_FALSE=''
HID_TRUE=''
HOG_FALSE=''
HOG_TRUE=''
ICAL_CFLAGS=''
ICAL_LIBS=''
INSTALL_DATA='${INSTALL} -m 644'
INSTALL_PROGRAM='${INSTALL}'
INSTALL_SCRIPT='${INSTALL}'
INSTALL_STRIP_PROGRAM='$(install_sh) -c -s'
JSONC_CFLAGS=''
JSONC_LIBS=''
JSON_CFLAGS=''
JSON_LIBS=''
LD='/usr/bin/ld -m elf_i386'
LDFLAGS=''
LIBEBOOK_CFLAGS=''
LIBEBOOK_LIBS=''
LIBEDATESERVER_CFLAGS=''
LIBEDATESERVER_LIBS=''
LIBOBJS=''
LIBRARY_FALSE=''
LIBRARY_TRUE=''
LIBS=''
LIBSHARED_ELL_FALSE=''
LIBSHARED_ELL_TRUE=''
LIBTOOL='$(SHELL) $(top_builddir)/libtool'
LIPO=''
LN_S='ln -s'
LOGGER_FALSE=''
LOGGER_TRUE=''
LTLIBOBJS=''
LT_SYS_LIBRARY_PATH=''
MAINT='#'
MAINTAINER_MODE_FALSE=''
MAINTAINER_MODE_TRUE='#'
MAKEINFO='${SHELL} '\''/home/developer/test/celeno-swdb-CL6000-6.0.x/utils/bluez-5.62/missing'\'' makeinfo'
MANIFEST_TOOL=':'
MANPAGES_FALSE=''
MANPAGES_TRUE=''
MESH_FALSE=''
MESH_STORAGEDIR=''
MESH_TRUE=''
MIDI_FALSE=''
MIDI_TRUE=''
MISC_CFLAGS=''
MISC_LDFLAGS=''
MKDIR_P='/bin/mkdir -p'
MONITOR_FALSE=''
MONITOR_TRUE=''
NETWORK_FALSE=''
NETWORK_TRUE=''
NFC_FALSE=''
NFC_TRUE=''
NM='/usr/bin/nm -B'
NMEDIT=''
OBEX_FALSE=''
OBEX_TRUE=''
OBJDUMP='objdump'
OBJEXT='o'
OTOOL64=''
OTOOL=''
PACKAGE='bluez'
PACKAGE_BUGREPORT=''
PACKAGE_NAME='bluez'
PACKAGE_STRING='bluez 5.62'
PACKAGE_TARNAME='bluez'
PACKAGE_URL=''
PACKAGE_VERSION='5.62'
PATH_SEPARATOR=':'
PKG_CONFIG='/usr/bin/pkg-config'
PKG_CONFIG_LIBDIR=''
PKG_CONFIG_PATH='/usr/lib/i386-linux-gnu/pkgconfig/:/usr/share/pkgconfig/'
PLUGIN_PHONEBOOK=''
RANLIB='ranlib'
READLINE_FALSE=''
READLINE_TRUE=''
RST2MAN=''
RUN_RST2MAN_FALSE=''
RUN_RST2MAN_TRUE=''
SAP_FALSE=''
SAP_TRUE=''
SBC_CFLAGS=''
SBC_LIBS=''
SED='/bin/sed'
SET_MAKE=''
SHELL='/bin/sh'
SIXAXIS_FALSE=''
SIXAXIS_TRUE=''
SPEEXDSP_CFLAGS=''
SPEEXDSP_LIBS=''
STRIP='strip'
SYSTEMD_FALSE=''
SYSTEMD_SYSTEMUNITDIR=''
SYSTEMD_TRUE=''
SYSTEMD_USERUNITDIR=''
TESTING_FALSE=''
TESTING_TRUE=''
TEST_FALSE=''
TEST_TRUE=''
TOOLS_FALSE=''
TOOLS_TRUE=''
UDEV_CFLAGS=''
UDEV_DIR=''
UDEV_FALSE=''
UDEV_LIBS=''
UDEV_TRUE=''
VALGRIND_FALSE=''
VALGRIND_TRUE='#'
VERSION='5.62'
WARNING_CFLAGS=''
ZSH_COMPLETIONDIR=''
ZSH_COMPLETIONS_FALSE=''
ZSH_COMPLETIONS_TRUE=''
ac_ct_AR='ar'
ac_ct_CC='gcc -m32'
ac_ct_DUMPBIN=''
am__EXEEXT_FALSE=''
am__EXEEXT_TRUE=''
am__fastdepCC_FALSE='#'
am__fastdepCC_TRUE=''
am__include='include'
am__isrc=''
am__leading_dot='.'
am__nodep='_no'
am__quote=''
am__tar='tar --format=posix -chf - "$$tardir"'
am__untar='tar -xf -'
bindir='${exec_prefix}/bin'
build='x86_64-pc-linux-gnu'
build_alias=''
build_cpu='x86_64'
build_os='linux-gnu'
build_vendor='pc'
datadir='${datarootdir}'
datarootdir='${prefix}/share'
docdir='${datarootdir}/doc/${PACKAGE_TARNAME}'
dvidir='${docdir}'
enable_coverage=''
enable_dbus_run_session=''
enable_valgrind=''
exec_prefix='NONE'
host='x86_64-pc-linux-gnu'
host_alias=''
host_cpu='x86_64'
host_os='linux-gnu'
host_vendor='pc'
htmldir='${docdir}'
includedir='${prefix}/include'
infodir='${datarootdir}/info'
install_sh='${SHELL} /home/developer/test/celeno-swdb-CL6000-6.0.x/utils/bluez-5.62/install-sh'
libdir='${exec_prefix}/lib'
libexecdir='${exec_prefix}/libexec'
localedir='${datarootdir}/locale'
localstatedir='${prefix}/var'
mandir='${datarootdir}/man'
mkdir_p='$(MKDIR_P)'
oldincludedir='/usr/include'
pdfdir='${docdir}'
prefix='/home/developer/test/celeno-swdb-CL6000-6.0.x/utils/install_bluez'
program_transform_name='s,x,x,'
psdir='${docdir}'
runstatedir='${localstatedir}/run'
sbindir='${exec_prefix}/sbin'
sharedstatedir='${prefix}/com'
sysconfdir='${prefix}/etc'
target_alias=''

## ----------- ##
## confdefs.h. ##
## ----------- ##

/* confdefs.h */
#define PACKAGE_NAME "bluez"
#define PACKAGE_TARNAME "bluez"
#define PACKAGE_VERSION "5.62"
#define PACKAGE_STRING "bluez 5.62"
#define PACKAGE_BUGREPORT ""
#define PACKAGE_URL ""
#define PACKAGE "bluez"
#define VERSION "5.62"
#define restrict __restrict
#define STDC_HEADERS 1
#define HAVE_SYS_TYPES_H 1
#define HAVE_SYS_STAT_H 1
#define HAVE_STDLIB_H 1
#define HAVE_STRING_H 1
#define HAVE_MEMORY_H 1
#define HAVE_STRINGS_H 1
#define HAVE_INTTYPES_H 1
#define HAVE_STDINT_H 1
#define HAVE_UNISTD_H 1
#define HAVE_DLFCN_H 1
#define LT_OBJDIR ".libs/"
#define HAVE_RAWMEMCHR 1
#define HAVE_LINUX_TYPES_H 1
#define HAVE_LINUX_IF_ALG_H 1

configure: exit 1
